#
# A fatal error has been detected by the Java Runtime Environment:
#
#  EXCEPTION_ACCESS_VIOLATION (0xc0000005) at pc=0x000000006edb3b6b, pid=14120, tid=13156
#
# JRE version: Java(TM) SE Runtime Environment (7.0_67-b01) (build 1.7.0_67-b01)
# Java VM: Java HotSpot(TM) 64-Bit Server VM (24.65-b04 mixed mode windows-amd64 compressed oops)
# Problematic frame:
# V  [jvm.dll+0x143b6b]
#
# Failed to write core dump. Minidumps are not enabled by default on client versions of Windows
#
# If you would like to submit a bug report, please visit:
#   http://bugreport.sun.com/bugreport/crash.jsp
#

---------------  T H R E A D  ---------------

Current thread (0x00000000134ab800):  JavaThread "JDWP Transport Listener: dt_socket" daemon [_thread_in_vm, id=13156, stack(0x00000000151c0000,0x00000000152c0000)]

siginfo: ExceptionCode=0xc0000005, reading address 0xffffffffffffffff

Registers:
RAX=0x00000000152bf501, RBX=0x00000000134ab800, RCX=0x72616d746e756f6c, RDX=0x0000000000000000
RSP=0x00000000152bf4e0, RBP=0x72616d746e756f6c, RSI=0x00000000152bf5f8, RDI=0x000000000273a250
R8 =0x00000000134ab800, R9 =0x0000012100250018, R10=0x0000000000000000, R11=0x00000000152bf767
R12=0x0000000000000000, R13=0x00000000027cfcb8, R14=0x0000000000000000, R15=0x0000000000000000
RIP=0x000000006edb3b6b, EFLAGS=0x0000000000010206

Top of Stack: (sp=0x00000000152bf4e0)
0x00000000152bf4e0:   00000000134ab800 0000000000000005
0x00000000152bf4f0:   00000000152bf5a8 000000006ef54dd9
0x00000000152bf500:   00000000134ab800 000000006ef72982
0x00000000152bf510:   0000000000000000 0000000059648e8d
0x00000000152bf520:   00000000134e00e0 0000000059652666
0x00000000152bf530:   00000000134ab800 0000000000000000
0x00000000152bf540:   0000000000000000 0000000000000000
0x00000000152bf550:   72616d746e756f6c 000000005965175d
0x00000000152bf560:   00000000152bf5f8 00000000152bf5d0
0x00000000152bf570:   0000000000000001 00000000134e00e0
0x00000000152bf580:   72616d746e756f6c 00000000596353b3
0x00000000152bf590:   00000000152bf6c0 0000000000000001
0x00000000152bf5a0:   0000000000000001 00000000134e00e0
0x00000000152bf5b0:   0000000000000009 0000000000000000
0x00000000152bf5c0:   0000000000000000 0000000000000000
0x00000000152bf5d0:   0000000000000001 0000000059635571 

Instructions: (pc=0x000000006edb3b6b)
0x000000006edb3b4b:   48 8b 5c 24 30 48 89 47 18 48 83 c4 20 5f c3 cc
0x000000006edb3b5b:   cc cc cc cc cc 40 53 48 83 ec 20 48 85 c9 74 54
0x000000006edb3b6b:   48 8b 19 48 85 db 74 4c 48 b8 fe fe fe fe fe fe
0x000000006edb3b7b:   fe fe 48 3b d8 74 3d 80 3d 0f 04 61 00 00 74 15 


Register to memory mapping:

RAX=0x00000000152bf501 is pointing into the stack for thread: 0x00000000134ab800
RBX=0x00000000134ab800 is a thread
RCX=0x72616d746e756f6c is an unknown value
RDX=0x0000000000000000 is an unknown value
RSP=0x00000000152bf4e0 is pointing into the stack for thread: 0x00000000134ab800
RBP=0x72616d746e756f6c is an unknown value
RSI=0x00000000152bf5f8 is pointing into the stack for thread: 0x00000000134ab800
RDI=0x000000000273a250 is an unknown value
R8 =0x00000000134ab800 is a thread
R9 =0x0000012100250018 is an unknown value
R10=0x0000000000000000 is an unknown value
R11=0x00000000152bf767 is pointing into the stack for thread: 0x00000000134ab800
R12=0x0000000000000000 is an unknown value
R13=0x00000000027cfcb8 is an unknown value
R14=0x0000000000000000 is an unknown value
R15=0x0000000000000000 is an unknown value


Stack: [0x00000000151c0000,0x00000000152c0000],  sp=0x00000000152bf4e0,  free space=1021k
Native frames: (J=compiled Java code, j=interpreted, Vv=VM code, C=native code)
V  [jvm.dll+0x143b6b]


---------------  P R O C E S S  ---------------

Java Threads: ( => current thread )
  0x00000000134d6000 JavaThread "Service Thread" daemon [_thread_blocked, id=9640, stack(0x0000000015090000,0x0000000015190000)]
  0x00000000134d5800 JavaThread "C2 CompilerThread1" daemon [_thread_blocked, id=13916, stack(0x0000000015850000,0x0000000015950000)]
  0x00000000134da000 JavaThread "C2 CompilerThread0" daemon [_thread_blocked, id=10604, stack(0x0000000015690000,0x0000000015790000)]
  0x00000000134ba000 JavaThread "JDWP Command Reader" daemon [_thread_in_native, id=8008, stack(0x0000000015580000,0x0000000015680000)]
  0x00000000134b9800 JavaThread "JDWP Event Helper Thread" daemon [_thread_blocked, id=7744, stack(0x00000000153b0000,0x00000000154b0000)]
=>0x00000000134ab800 JavaThread "JDWP Transport Listener: dt_socket" daemon [_thread_in_vm, id=13156, stack(0x00000000151c0000,0x00000000152c0000)]
  0x000000001251f000 JavaThread "Attach Listener" daemon [_thread_blocked, id=11052, stack(0x0000000014c90000,0x0000000014d90000)]
  0x000000001251e800 JavaThread "Signal Dispatcher" daemon [_thread_blocked, id=12324, stack(0x0000000014a60000,0x0000000014b60000)]
  0x0000000012507800 JavaThread "Finalizer" daemon [_thread_blocked, id=10772, stack(0x0000000014850000,0x0000000014950000)]
  0x0000000012501000 JavaThread "Reference Handler" daemon [_thread_blocked, id=13352, stack(0x00000000146b0000,0x00000000147b0000)]
  0x00000000027aa000 JavaThread "main" [_thread_blocked, id=10556, stack(0x0000000002850000,0x0000000002950000)]

Other Threads:
  0x00000000124fd800 VMThread [stack: 0x0000000014460000,0x0000000014560000] [id=2604]
  0x00000000134d7000 WatcherThread [stack: 0x0000000015990000,0x0000000015a90000] [id=7684]

VM state:not at safepoint (normal execution)

VM Mutex/Monitor currently owned by a thread: None

Heap
 PSYoungGen      total 95744K, used 4946K [0x0000000795900000, 0x000000079c380000, 0x0000000800000000)
  eden space 82432K, 6% used [0x0000000795900000,0x0000000795dd48d8,0x000000079a980000)
  from space 13312K, 0% used [0x000000079b680000,0x000000079b680000,0x000000079c380000)
  to   space 13312K, 0% used [0x000000079a980000,0x000000079a980000,0x000000079b680000)
 ParOldGen       total 217600K, used 0K [0x00000006c0c00000, 0x00000006ce080000, 0x0000000795900000)
  object space 217600K, 0% used [0x00000006c0c00000,0x00000006c0c00000,0x00000006ce080000)
 PSPermGen       total 21504K, used 2657K [0x00000006bba00000, 0x00000006bcf00000, 0x00000006c0c00000)
  object space 21504K, 12% used [0x00000006bba00000,0x00000006bbc98520,0x00000006bcf00000)

Card table byte_map: [0x0000000005950000,0x0000000006380000] byte_map_base: 0x0000000002373000

Polling page: 0x0000000001dc0000

Code Cache  [0x0000000002950000, 0x0000000002bc0000, 0x0000000005950000)
 total_blobs=178 nmethods=3 adapters=136 free_code_cache=48769Kb largest_free_block=49919424

Compilation events (6 events):
Event: 0.160 Thread 0x00000000134da000    1             java.lang.String::hashCode (55 bytes)
Event: 0.160 Thread 0x00000000134d5800    2             java.lang.String::indexOf (70 bytes)
Event: 0.167 Thread 0x00000000134d5800 nmethod 2 0x00000000029afad0 code [0x00000000029afc20, 0x00000000029afe08]
Event: 0.167 Thread 0x00000000134d5800    3             java.lang.String::charAt (29 bytes)
Event: 0.168 Thread 0x00000000134da000 nmethod 1 0x00000000029af750 code [0x00000000029af880, 0x00000000029afa18]
Event: 0.168 Thread 0x00000000134d5800 nmethod 3 0x00000000029af450 code [0x00000000029af5a0, 0x00000000029af678]

GC Heap History (0 events):
No events

Deoptimization events (0 events):
No events

Internal exceptions (2 events):
Event: 0.050 Thread 0x00000000027aa000 Threw 0x000000079590c1d8 at C:\re\jdk7u67\1368\hotspot\src\share\vm\prims\jni.cpp:3991
Event: 0.134 Thread 0x00000000027aa000 Threw 0x000000079595a680 at C:\re\jdk7u67\1368\hotspot\src\share\vm\prims\jvm.cpp:1244

Events (10 events):
Event: 325.069 Executing VM operation: ChangeBreakpoints
Event: 325.069 Executing VM operation: ChangeBreakpoints done
Event: 325.485 Executing VM operation: ChangeBreakpoints
Event: 325.485 Executing VM operation: ChangeBreakpoints done
Event: 336.218 Executing VM operation: RedefineClasses
Event: 336.218 Executing VM operation: RedefineClasses done
Event: 774.160 Executing VM operation: RedefineClasses
Event: 774.160 Executing VM operation: RedefineClasses done
Event: 829.774 Executing VM operation: RedefineClasses
Event: 829.774 Executing VM operation: RedefineClasses done


Dynamic libraries:
0x000000013fb90000 - 0x000000013fbc3000 	C:\Program Files\Java\jdk1.7.0_67\bin\java.exe
0x0000000077130000 - 0x00000000772da000 	C:\Windows\SYSTEM32\ntdll.dll
0x0000000077010000 - 0x000000007712f000 	C:\Windows\system32\kernel32.dll
0x000007fefcfd0000 - 0x000007fefd03c000 	C:\Windows\system32\KERNELBASE.dll
0x000007fefef30000 - 0x000007feff00b000 	C:\Windows\system32\ADVAPI32.dll
0x000007fefe1c0000 - 0x000007fefe25f000 	C:\Windows\system32\msvcrt.dll
0x000007fefe2e0000 - 0x000007fefe2ff000 	C:\Windows\SYSTEM32\sechost.dll
0x000007feff2a0000 - 0x000007feff3cd000 	C:\Windows\system32\RPCRT4.dll
0x0000000076f10000 - 0x000000007700a000 	C:\Windows\system32\USER32.dll
0x000007feff3d0000 - 0x000007feff437000 	C:\Windows\system32\GDI32.dll
0x000007fefe300000 - 0x000007fefe30e000 	C:\Windows\system32\LPK.dll
0x000007fefe9d0000 - 0x000007fefea99000 	C:\Windows\system32\USP10.dll
0x000007fefbb40000 - 0x000007fefbd34000 	C:\Windows\WinSxS\amd64_microsoft.windows.common-controls_6595b64144ccf1df_6.0.7601.17514_none_fa396087175ac9ac\COMCTL32.dll
0x000007fefeaa0000 - 0x000007fefeb11000 	C:\Windows\system32\SHLWAPI.dll
0x000007fefe260000 - 0x000007fefe28e000 	C:\Windows\system32\IMM32.DLL
0x000007fefe550000 - 0x000007fefe659000 	C:\Windows\system32\MSCTF.dll
0x0000000180000000 - 0x00000001800c0000 	C:\Program Files (x86)\Ricoh\PCS Director\Client\pa6wtrak64.dll
0x000007fef7b10000 - 0x000007fef7b81000 	C:\Windows\system32\WINSPOOL.DRV
0x000007fefec40000 - 0x000007fefee43000 	C:\Windows\system32\ole32.dll
0x0000000059670000 - 0x0000000059742000 	C:\Program Files\Java\jdk1.7.0_67\jre\bin\msvcr100.dll
0x000000006ec70000 - 0x000000006f442000 	C:\Program Files\Java\jdk1.7.0_67\jre\bin\server\jvm.dll
0x000007fefaeb0000 - 0x000007fefaeb9000 	C:\Windows\system32\WSOCK32.dll
0x000007fefe290000 - 0x000007fefe2dd000 	C:\Windows\system32\WS2_32.dll
0x000007fefe310000 - 0x000007fefe318000 	C:\Windows\system32\NSI.dll
0x000007fefb1d0000 - 0x000007fefb20b000 	C:\Windows\system32\WINMM.dll
0x00000000772f0000 - 0x00000000772f7000 	C:\Windows\system32\PSAPI.DLL
0x0000000072f60000 - 0x0000000072f6f000 	C:\Program Files\Java\jdk1.7.0_67\jre\bin\verify.dll
0x000000005e7d0000 - 0x000000005e7f8000 	C:\Program Files\Java\jdk1.7.0_67\jre\bin\java.dll
0x0000000059630000 - 0x0000000059665000 	C:\Program Files\Java\jdk1.7.0_67\jre\bin\jdwp.dll
0x0000000070200000 - 0x0000000070208000 	C:\Program Files\Java\jdk1.7.0_67\jre\bin\npt.dll
0x000000006eb30000 - 0x000000006eb45000 	C:\Program Files\Java\jdk1.7.0_67\jre\bin\zip.dll
0x000000006eb20000 - 0x000000006eb29000 	C:\Program Files\Java\jdk1.7.0_67\jre\bin\dt_socket.dll
0x000007fefc710000 - 0x000007fefc765000 	C:\Windows\system32\mswsock.dll
0x000007fefc100000 - 0x000007fefc107000 	C:\Windows\System32\wshtcpip.dll
0x000007fefa560000 - 0x000007fefa685000 	C:\Windows\system32\dbghelp.dll

VM Arguments:
jvm_args: -agentlib:jdwp=transport=dt_socket,address=127.0.0.1:52530,suspend=y,server=n -Dvisualvm.id=998004123821626 -Dfile.encoding=UTF-8 
java_command: com.blountmarquis.InterviewQuestions.arrayManipulation.MinSlice
Launcher Type: SUN_STANDARD

Environment Variables:
JAVA_HOME=C:\Program Files\Java\jdk1.6.0_45
PATH=C:\ProgramData\Oracle\Java\javapath;C:\oracle\product\10.2.0\client_1;C:\Windows\system32;C:\Windows;C:\Windows\System32\Wbem;C:\Windows\System32\WindowsPowerShell\v1.0\;C:\Program Files (x86)\MKS\IntegrityClientl\;c:\Program Files (x86)\Microsoft SQL Server\110\Tools\Binn\ManagementStudio\;c:\Program Files (x86)\Microsoft SQL Server\110\Tools\Binn\;c:\Program Files\Microsoft SQL Server\110\Tools\Binn\;c:\Program Files (x86)\Microsoft SQL Server\110\DTS\Binn\;C:\Program Files\Microsoft\Web Platform Installer\;C:\Program Files (x86)\Microsoft ASP.NET\ASP.NET Web Pages\v1.0\;C:\Program Files (x86)\Windows Kits\8.0\Windows Performance Toolkit\;C:\Program Files\Java\jdk1.6.0_45\bin;C:\Apache Packages\apache-maven-2.2.1\bin;C:\Program Files\Common Files\Hitachi ID\;C:\Python27;C:\Program Files (x86)\Microsoft Application Virtualization Client;C:\adt-bundle-windows-x86_64-20130917\sdk\platform-tools; ;c:\Program Files\Microsoft SQL Server\110\DTS\Binn\;C:\Program Files (x86)\QuickTime\QTSystem\;C:\Program Files\TortoiseSVN\bin;C:\Program Files (x86)\Skype\Phone\
USERNAME=MLBlount
OS=Windows_NT
PROCESSOR_IDENTIFIER=Intel64 Family 6 Model 42 Stepping 7, GenuineIntel



---------------  S Y S T E M  ---------------

OS: Windows 7 , 64 bit Build 7601 Service Pack 1

CPU:total 8 (4 cores per cpu, 2 threads per core) family 6 model 42 stepping 7, cmov, cx8, fxsr, mmx, sse, sse2, sse3, ssse3, sse4.1, sse4.2, popcnt, avx, aes, ht, tsc, tscinvbit

Memory: 4k page, physical 20920680k(11912360k free), swap 41839500k(28241520k free)

vm_info: Java HotSpot(TM) 64-Bit Server VM (24.65-b04) for windows-amd64 JRE (1.7.0_67-b01), built on Jul 25 2014 08:55:00 by "java_re" with unknown MS VC++:1600

time: Tue Apr 21 13:38:38 2015
elapsed time: 829 seconds

